[2019-09-30 11:58:48,877] SEVERE {b7a.log.crash} - null 
java.lang.NullPointerException
	at dunith.backend.___init.dunith_backend_0_1_0__stop_(backend:23)
	at dunith.backend.___init.$lambda$dunith_backend_0_1_0__stop_(backend)
	at org.ballerinalang.jvm.scheduling.SchedulerItem.execute(Scheduler.java:493)
	at org.ballerinalang.jvm.scheduling.Scheduler.run(Scheduler.java:238)
	at org.ballerinalang.jvm.scheduling.Scheduler.runSafely(Scheduler.java:208)
	at org.ballerinalang.jvm.scheduling.Scheduler.start(Scheduler.java:195)
	at dunith.backend.___init.$moduleStop(backend)
	at sun.reflect.NativeMethodAccessorImpl.invoke0(Native Method)
	at sun.reflect.NativeMethodAccessorImpl.invoke(NativeMethodAccessorImpl.java:62)
	at sun.reflect.DelegatingMethodAccessorImpl.invoke(DelegatingMethodAccessorImpl.java:43)
	at java.lang.reflect.Method.invoke(Method.java:498)
	at org.ballerinalang.testerina.core.entity.TesterinaFunction.run(TesterinaFunction.java:116)
	at org.ballerinalang.testerina.core.entity.TesterinaFunction.directInvoke(TesterinaFunction.java:83)
	at org.ballerinalang.testerina.core.entity.TestSuite.stop(TestSuite.java:341)
	at org.ballerinalang.testerina.core.BTestRunner.lambda$execute$34(BTestRunner.java:802)
	at java.lang.Iterable.forEach(Iterable.java:75)
	at org.ballerinalang.testerina.core.BTestRunner.execute(BTestRunner.java:638)
	at org.ballerinalang.testerina.core.BTestRunner.runTest(BTestRunner.java:160)
	at org.ballerinalang.testerina.util.TesterinaUtils.executeTests(TesterinaUtils.java:132)
	at org.ballerinalang.packerina.task.RunTestsTask.execute(RunTestsTask.java:81)
	at org.ballerinalang.packerina.TaskExecutor.executeTasks(TaskExecutor.java:38)
	at org.ballerinalang.packerina.cmd.BuildCommand.execute(BuildCommand.java:395)
	at java.util.Optional.ifPresent(Optional.java:159)
	at org.ballerinalang.tool.Main.main(Main.java:59)
 
[2019-09-30 11:58:48,882] SEVERE {b7a.log.crash} - null 
java.lang.NullPointerException
	at dunith.backend.___init.dunith_backend_0_1_0__stop_(backend:23)
	at dunith.backend.___init.$lambda$dunith_backend_0_1_0__stop_(backend)
	at org.ballerinalang.jvm.scheduling.SchedulerItem.execute(Scheduler.java:493)
	at org.ballerinalang.jvm.scheduling.Scheduler.run(Scheduler.java:238)
	at org.ballerinalang.jvm.scheduling.Scheduler.runSafely(Scheduler.java:208)
	at org.ballerinalang.jvm.scheduling.Scheduler.start(Scheduler.java:195)
	at dunith.backend.___init.$moduleStop(backend)
	at sun.reflect.NativeMethodAccessorImpl.invoke0(Native Method)
	at sun.reflect.NativeMethodAccessorImpl.invoke(NativeMethodAccessorImpl.java:62)
	at sun.reflect.DelegatingMethodAccessorImpl.invoke(DelegatingMethodAccessorImpl.java:43)
	at java.lang.reflect.Method.invoke(Method.java:498)
	at org.ballerinalang.testerina.core.entity.TesterinaFunction.run(TesterinaFunction.java:116)
	at org.ballerinalang.testerina.core.entity.TesterinaFunction.directInvoke(TesterinaFunction.java:83)
	at org.ballerinalang.testerina.core.entity.TestSuite.stop(TestSuite.java:341)
	at org.ballerinalang.testerina.core.BTestRunner.lambda$execute$34(BTestRunner.java:802)
	at java.lang.Iterable.forEach(Iterable.java:75)
	at org.ballerinalang.testerina.core.BTestRunner.execute(BTestRunner.java:638)
	at org.ballerinalang.testerina.core.BTestRunner.runTest(BTestRunner.java:160)
	at org.ballerinalang.testerina.util.TesterinaUtils.executeTests(TesterinaUtils.java:132)
	at org.ballerinalang.packerina.task.RunTestsTask.execute(RunTestsTask.java:81)
	at org.ballerinalang.packerina.TaskExecutor.executeTasks(TaskExecutor.java:38)
	at org.ballerinalang.packerina.cmd.BuildCommand.execute(BuildCommand.java:395)
	at java.util.Optional.ifPresent(Optional.java:159)
	at org.ballerinalang.tool.Main.main(Main.java:59)
 
[2019-09-30 12:35:58,128] SEVERE {b7a.log.crash} - null 
java.lang.NullPointerException
	at dunith.backend.___init.dunith_backend_0_1_0__stop_(backend:23)
	at dunith.backend.___init.$lambda$dunith_backend_0_1_0__stop_(backend)
	at org.ballerinalang.jvm.scheduling.SchedulerItem.execute(Scheduler.java:493)
	at org.ballerinalang.jvm.scheduling.Scheduler.run(Scheduler.java:238)
	at org.ballerinalang.jvm.scheduling.Scheduler.runSafely(Scheduler.java:208)
	at org.ballerinalang.jvm.scheduling.Scheduler.start(Scheduler.java:195)
	at dunith.backend.___init.$moduleStop(backend)
	at sun.reflect.NativeMethodAccessorImpl.invoke0(Native Method)
	at sun.reflect.NativeMethodAccessorImpl.invoke(NativeMethodAccessorImpl.java:62)
	at sun.reflect.DelegatingMethodAccessorImpl.invoke(DelegatingMethodAccessorImpl.java:43)
	at java.lang.reflect.Method.invoke(Method.java:498)
	at org.ballerinalang.testerina.core.entity.TesterinaFunction.run(TesterinaFunction.java:116)
	at org.ballerinalang.testerina.core.entity.TesterinaFunction.directInvoke(TesterinaFunction.java:83)
	at org.ballerinalang.testerina.core.entity.TestSuite.stop(TestSuite.java:341)
	at org.ballerinalang.testerina.core.BTestRunner.lambda$execute$34(BTestRunner.java:802)
	at java.lang.Iterable.forEach(Iterable.java:75)
	at org.ballerinalang.testerina.core.BTestRunner.execute(BTestRunner.java:638)
	at org.ballerinalang.testerina.core.BTestRunner.runTest(BTestRunner.java:160)
	at org.ballerinalang.testerina.util.TesterinaUtils.executeTests(TesterinaUtils.java:132)
	at org.ballerinalang.packerina.task.RunTestsTask.execute(RunTestsTask.java:81)
	at org.ballerinalang.packerina.TaskExecutor.executeTasks(TaskExecutor.java:38)
	at org.ballerinalang.packerina.cmd.BuildCommand.execute(BuildCommand.java:395)
	at java.util.Optional.ifPresent(Optional.java:159)
	at org.ballerinalang.tool.Main.main(Main.java:59)
 
[2019-09-30 12:35:58,134] SEVERE {b7a.log.crash} - null 
java.lang.NullPointerException
	at dunith.backend.___init.dunith_backend_0_1_0__stop_(backend:23)
	at dunith.backend.___init.$lambda$dunith_backend_0_1_0__stop_(backend)
	at org.ballerinalang.jvm.scheduling.SchedulerItem.execute(Scheduler.java:493)
	at org.ballerinalang.jvm.scheduling.Scheduler.run(Scheduler.java:238)
	at org.ballerinalang.jvm.scheduling.Scheduler.runSafely(Scheduler.java:208)
	at org.ballerinalang.jvm.scheduling.Scheduler.start(Scheduler.java:195)
	at dunith.backend.___init.$moduleStop(backend)
	at sun.reflect.NativeMethodAccessorImpl.invoke0(Native Method)
	at sun.reflect.NativeMethodAccessorImpl.invoke(NativeMethodAccessorImpl.java:62)
	at sun.reflect.DelegatingMethodAccessorImpl.invoke(DelegatingMethodAccessorImpl.java:43)
	at java.lang.reflect.Method.invoke(Method.java:498)
	at org.ballerinalang.testerina.core.entity.TesterinaFunction.run(TesterinaFunction.java:116)
	at org.ballerinalang.testerina.core.entity.TesterinaFunction.directInvoke(TesterinaFunction.java:83)
	at org.ballerinalang.testerina.core.entity.TestSuite.stop(TestSuite.java:341)
	at org.ballerinalang.testerina.core.BTestRunner.lambda$execute$34(BTestRunner.java:802)
	at java.lang.Iterable.forEach(Iterable.java:75)
	at org.ballerinalang.testerina.core.BTestRunner.execute(BTestRunner.java:638)
	at org.ballerinalang.testerina.core.BTestRunner.runTest(BTestRunner.java:160)
	at org.ballerinalang.testerina.util.TesterinaUtils.executeTests(TesterinaUtils.java:132)
	at org.ballerinalang.packerina.task.RunTestsTask.execute(RunTestsTask.java:81)
	at org.ballerinalang.packerina.TaskExecutor.executeTasks(TaskExecutor.java:38)
	at org.ballerinalang.packerina.cmd.BuildCommand.execute(BuildCommand.java:395)
	at java.util.Optional.ifPresent(Optional.java:159)
	at org.ballerinalang.tool.Main.main(Main.java:59)
 
[2019-09-30 12:43:21,420] SEVERE {b7a.log.crash} - null 
java.lang.NullPointerException
	at dunith.backend.___init.dunith_backend_0_1_0__stop_(backend:23)
	at dunith.backend.___init.$lambda$dunith_backend_0_1_0__stop_(backend)
	at org.ballerinalang.jvm.scheduling.SchedulerItem.execute(Scheduler.java:493)
	at org.ballerinalang.jvm.scheduling.Scheduler.run(Scheduler.java:238)
	at org.ballerinalang.jvm.scheduling.Scheduler.runSafely(Scheduler.java:208)
	at org.ballerinalang.jvm.scheduling.Scheduler.start(Scheduler.java:195)
	at dunith.backend.___init.$moduleStop(backend)
	at sun.reflect.NativeMethodAccessorImpl.invoke0(Native Method)
	at sun.reflect.NativeMethodAccessorImpl.invoke(NativeMethodAccessorImpl.java:62)
	at sun.reflect.DelegatingMethodAccessorImpl.invoke(DelegatingMethodAccessorImpl.java:43)
	at java.lang.reflect.Method.invoke(Method.java:498)
	at org.ballerinalang.testerina.core.entity.TesterinaFunction.run(TesterinaFunction.java:116)
	at org.ballerinalang.testerina.core.entity.TesterinaFunction.directInvoke(TesterinaFunction.java:83)
	at org.ballerinalang.testerina.core.entity.TestSuite.stop(TestSuite.java:341)
	at org.ballerinalang.testerina.core.BTestRunner.lambda$execute$34(BTestRunner.java:802)
	at java.lang.Iterable.forEach(Iterable.java:75)
	at org.ballerinalang.testerina.core.BTestRunner.execute(BTestRunner.java:638)
	at org.ballerinalang.testerina.core.BTestRunner.runTest(BTestRunner.java:160)
	at org.ballerinalang.testerina.util.TesterinaUtils.executeTests(TesterinaUtils.java:132)
	at org.ballerinalang.packerina.task.RunTestsTask.execute(RunTestsTask.java:81)
	at org.ballerinalang.packerina.TaskExecutor.executeTasks(TaskExecutor.java:38)
	at org.ballerinalang.packerina.cmd.BuildCommand.execute(BuildCommand.java:395)
	at java.util.Optional.ifPresent(Optional.java:159)
	at org.ballerinalang.tool.Main.main(Main.java:59)
 
[2019-09-30 12:43:21,425] SEVERE {b7a.log.crash} - null 
java.lang.NullPointerException
	at dunith.backend.___init.dunith_backend_0_1_0__stop_(backend:23)
	at dunith.backend.___init.$lambda$dunith_backend_0_1_0__stop_(backend)
	at org.ballerinalang.jvm.scheduling.SchedulerItem.execute(Scheduler.java:493)
	at org.ballerinalang.jvm.scheduling.Scheduler.run(Scheduler.java:238)
	at org.ballerinalang.jvm.scheduling.Scheduler.runSafely(Scheduler.java:208)
	at org.ballerinalang.jvm.scheduling.Scheduler.start(Scheduler.java:195)
	at dunith.backend.___init.$moduleStop(backend)
	at sun.reflect.NativeMethodAccessorImpl.invoke0(Native Method)
	at sun.reflect.NativeMethodAccessorImpl.invoke(NativeMethodAccessorImpl.java:62)
	at sun.reflect.DelegatingMethodAccessorImpl.invoke(DelegatingMethodAccessorImpl.java:43)
	at java.lang.reflect.Method.invoke(Method.java:498)
	at org.ballerinalang.testerina.core.entity.TesterinaFunction.run(TesterinaFunction.java:116)
	at org.ballerinalang.testerina.core.entity.TesterinaFunction.directInvoke(TesterinaFunction.java:83)
	at org.ballerinalang.testerina.core.entity.TestSuite.stop(TestSuite.java:341)
	at org.ballerinalang.testerina.core.BTestRunner.lambda$execute$34(BTestRunner.java:802)
	at java.lang.Iterable.forEach(Iterable.java:75)
	at org.ballerinalang.testerina.core.BTestRunner.execute(BTestRunner.java:638)
	at org.ballerinalang.testerina.core.BTestRunner.runTest(BTestRunner.java:160)
	at org.ballerinalang.testerina.util.TesterinaUtils.executeTests(TesterinaUtils.java:132)
	at org.ballerinalang.packerina.task.RunTestsTask.execute(RunTestsTask.java:81)
	at org.ballerinalang.packerina.TaskExecutor.executeTasks(TaskExecutor.java:38)
	at org.ballerinalang.packerina.cmd.BuildCommand.execute(BuildCommand.java:395)
	at java.util.Optional.ifPresent(Optional.java:159)
	at org.ballerinalang.tool.Main.main(Main.java:59)
 
[2019-09-30 12:47:32,378] SEVERE {b7a.log.crash} - null 
java.lang.NullPointerException
	at dunith.backend.___init.dunith_backend_0_1_0__stop_(backend:23)
	at dunith.backend.___init.$lambda$dunith_backend_0_1_0__stop_(backend)
	at org.ballerinalang.jvm.scheduling.SchedulerItem.execute(Scheduler.java:493)
	at org.ballerinalang.jvm.scheduling.Scheduler.run(Scheduler.java:238)
	at org.ballerinalang.jvm.scheduling.Scheduler.runSafely(Scheduler.java:208)
	at org.ballerinalang.jvm.scheduling.Scheduler.start(Scheduler.java:195)
	at dunith.backend.___init.$moduleStop(backend)
	at dunith.backend.___init$SignalListener.run(Unknown Source)
 
[2019-09-30 12:47:32,392] SEVERE {b7a.log.crash} - null 
java.lang.NullPointerException
	at dunith.backend.___init.dunith_backend_0_1_0__stop_(backend:23)
	at dunith.backend.___init.$lambda$dunith_backend_0_1_0__stop_(backend)
	at org.ballerinalang.jvm.scheduling.SchedulerItem.execute(Scheduler.java:493)
	at org.ballerinalang.jvm.scheduling.Scheduler.run(Scheduler.java:238)
	at org.ballerinalang.jvm.scheduling.Scheduler.runSafely(Scheduler.java:208)
	at org.ballerinalang.jvm.scheduling.Scheduler.start(Scheduler.java:195)
	at dunith.backend.___init.$moduleStop(backend)
	at dunith.backend.___init$SignalListener.run(Unknown Source)
 
[2019-09-30 12:53:26,088] SEVERE {b7a.log.crash} - null 
java.lang.NullPointerException
	at dunith.backend.___init.dunith_backend_0_1_0__stop_(backend:23)
	at dunith.backend.___init.$lambda$dunith_backend_0_1_0__stop_(backend)
	at org.ballerinalang.jvm.scheduling.SchedulerItem.execute(Scheduler.java:493)
	at org.ballerinalang.jvm.scheduling.Scheduler.run(Scheduler.java:238)
	at org.ballerinalang.jvm.scheduling.Scheduler.runSafely(Scheduler.java:208)
	at org.ballerinalang.jvm.scheduling.Scheduler.start(Scheduler.java:195)
	at dunith.backend.___init.$moduleStop(backend)
	at dunith.backend.___init$SignalListener.run(Unknown Source)
 
[2019-09-30 12:53:26,094] SEVERE {b7a.log.crash} - null 
java.lang.NullPointerException
	at dunith.backend.___init.dunith_backend_0_1_0__stop_(backend:23)
	at dunith.backend.___init.$lambda$dunith_backend_0_1_0__stop_(backend)
	at org.ballerinalang.jvm.scheduling.SchedulerItem.execute(Scheduler.java:493)
	at org.ballerinalang.jvm.scheduling.Scheduler.run(Scheduler.java:238)
	at org.ballerinalang.jvm.scheduling.Scheduler.runSafely(Scheduler.java:208)
	at org.ballerinalang.jvm.scheduling.Scheduler.start(Scheduler.java:195)
	at dunith.backend.___init.$moduleStop(backend)
	at dunith.backend.___init$SignalListener.run(Unknown Source)
 
